Determining if the pthread_create exist failed with the following output:
Change Dir: /home/sudhanshu/Projects/TryOn/CMakeFiles/CMakeTmp

Run Build Command:"/usr/bin/make" "cmTryCompileExec3975914173/fast"
/usr/bin/make -f CMakeFiles/cmTryCompileExec3975914173.dir/build.make CMakeFiles/cmTryCompileExec3975914173.dir/build
make[1]: Entering directory '/home/sudhanshu/Projects/TryOn/CMakeFiles/CMakeTmp'
/usr/bin/cmake -E cmake_progress_report /home/sudhanshu/Projects/TryOn/CMakeFiles/CMakeTmp/CMakeFiles 1
Building C object CMakeFiles/cmTryCompileExec3975914173.dir/CheckSymbolExists.c.o
/usr/bin/cc    -o CMakeFiles/cmTryCompileExec3975914173.dir/CheckSymbolExists.c.o   -c /home/sudhanshu/Projects/TryOn/CMakeFiles/CMakeTmp/CheckSymbolExists.c
Linking C executable cmTryCompileExec3975914173
/usr/bin/cmake -E cmake_link_script CMakeFiles/cmTryCompileExec3975914173.dir/link.txt --verbose=1
/usr/bin/cc       CMakeFiles/cmTryCompileExec3975914173.dir/CheckSymbolExists.c.o  -o cmTryCompileExec3975914173 -rdynamic 
CMakeFiles/cmTryCompileExec3975914173.dir/CheckSymbolExists.c.o: In function `main':
CheckSymbolExists.c:(.text+0x16): undefined reference to `pthread_create'
collect2: error: ld returned 1 exit status
CMakeFiles/cmTryCompileExec3975914173.dir/build.make:88: recipe for target 'cmTryCompileExec3975914173' failed
make[1]: *** [cmTryCompileExec3975914173] Error 1
make[1]: Leaving directory '/home/sudhanshu/Projects/TryOn/CMakeFiles/CMakeTmp'
Makefile:118: recipe for target 'cmTryCompileExec3975914173/fast' failed
make: *** [cmTryCompileExec3975914173/fast] Error 2

File /home/sudhanshu/Projects/TryOn/CMakeFiles/CMakeTmp/CheckSymbolExists.c:
/* */
#include <pthread.h>

int main(int argc, char** argv)
{
  (void)argv;
#ifndef pthread_create
  return ((int*)(&pthread_create))[argc];
#else
  (void)argc;
  return 0;
#endif
}

Determining if the function pthread_create exists in the pthreads failed with the following output:
Change Dir: /home/sudhanshu/Projects/TryOn/CMakeFiles/CMakeTmp

Run Build Command:"/usr/bin/make" "cmTryCompileExec312030588/fast"
/usr/bin/make -f CMakeFiles/cmTryCompileExec312030588.dir/build.make CMakeFiles/cmTryCompileExec312030588.dir/build
make[1]: Entering directory '/home/sudhanshu/Projects/TryOn/CMakeFiles/CMakeTmp'
/usr/bin/cmake -E cmake_progress_report /home/sudhanshu/Projects/TryOn/CMakeFiles/CMakeTmp/CMakeFiles 1
Building C object CMakeFiles/cmTryCompileExec312030588.dir/CheckFunctionExists.c.o
/usr/bin/cc   -DCHECK_FUNCTION_EXISTS=pthread_create   -o CMakeFiles/cmTryCompileExec312030588.dir/CheckFunctionExists.c.o   -c /usr/share/cmake-3.0/Modules/CheckFunctionExists.c
Linking C executable cmTryCompileExec312030588
/usr/bin/cmake -E cmake_link_script CMakeFiles/cmTryCompileExec312030588.dir/link.txt --verbose=1
/usr/bin/cc   -DCHECK_FUNCTION_EXISTS=pthread_create    CMakeFiles/cmTryCompileExec312030588.dir/CheckFunctionExists.c.o  -o cmTryCompileExec312030588 -rdynamic -lpthreads 
/usr/bin/ld: cannot find -lpthreads
collect2: error: ld returned 1 exit status
CMakeFiles/cmTryCompileExec312030588.dir/build.make:88: recipe for target 'cmTryCompileExec312030588' failed
make[1]: *** [cmTryCompileExec312030588] Error 1
make[1]: Leaving directory '/home/sudhanshu/Projects/TryOn/CMakeFiles/CMakeTmp'
Makefile:118: recipe for target 'cmTryCompileExec312030588/fast' failed
make: *** [cmTryCompileExec312030588/fast] Error 2


